make[1]: вход в каталог «/home/ytrilda/Android/kernel-sources/kernels-3.18.19/ALPS-MP-M0.MP1-V1.0.2_VZ6735_65T_I_M_KERNEL/out»
  GEN     ./Makefile
scripts/kconfig/conf --silentoldconfig Kconfig
  CHK     include/config/kernel.release
  GEN     ./Makefile
  CHK     include/generated/uapi/linux/version.h
  Using .. as source for kernel
  CHK     include/generated/utsrelease.h
make[2]: «include/generated/mach-types.h» не требует обновления.
  CALL    ../scripts/checksyscalls.sh
  CHK     include/generated/compile.h
  CC      drivers/input/touchscreen/mediatek/ft5x0x/ft5x0x_driver.o
  LD      drivers/input/touchscreen/mediatek/ft5x0x/built-in.o
  LD      drivers/input/touchscreen/mediatek/built-in.o
  LD      drivers/input/touchscreen/built-in.o
  LD      drivers/input/built-in.o
cameraisp drv by platform 
*MTK_GPU_VERSION 1 = mali
$CONFIG_MTK_GPU_COMMON_DVFS_SUPPORT is [y]
*MTK_GPU_VERSION 2 = midgard
*MTK_GPU_VERSION 3 = r7p0_v2
mali MTK evironment
  LD      drivers/built-in.o
  LINK    vmlinux
  LD      vmlinux.o
  MODPOST vmlinux.o
  GEN     .version
  CHK     include/generated/compile.h
  UPD     include/generated/compile.h
  CC      init/version.o
  LD      init/built-in.o
  KSYM    .tmp_kallsyms1.o
  KSYM    .tmp_kallsyms2.o
  LD      vmlinux
  SORTEX  vmlinux
  SYSMAP  System.map
  OBJCOPY arch/arm/boot/Image
  Kernel: arch/arm/boot/Image is ready
  GZIP    arch/arm/boot/compressed/piggy.gzip
  AS      arch/arm/boot/compressed/piggy.gzip.o
  LD      arch/arm/boot/compressed/vmlinux
  OBJCOPY arch/arm/boot/zImage
  Kernel: arch/arm/boot/zImage is ready
  CAT     arch/arm/boot/zImage-dtb
  Kernel: arch/arm/boot/zImage-dtb is ready
make[1]: выход из каталога «/home/ytrilda/Android/kernel-sources/kernels-3.18.19/ALPS-MP-M0.MP1-V1.0.2_VZ6735_65T_I_M_KERNEL/out»
